INFO - 06/13/24 21:28:04 - 0:00:00 - @@ already in vocab
INFO - 06/13/24 21:28:04 - 0:00:00 - @@ already in vocab
INFO - 06/13/24 21:28:04 - 0:00:00 - @@ already in vocab
INFO - 06/13/24 21:28:04 - 0:00:00 - @@ already in vocab
INFO - 06/13/24 21:28:04 - 0:00:00 - @@ already in vocab
INFO - 06/13/24 21:28:04 - 0:00:00 - @@ already in vocab
INFO - 06/13/24 21:28:04 - 0:00:00 - Read 2520 words from the vocabulary file.
WARNING - 06/13/24 21:28:04 - 0:00:00 - Skipped 11 empty lines!

INFO - 06/13/24 21:28:10 - 0:00:06 - 2922601 words (2520 unique) in 3082 sentences.
INFO - 06/13/24 21:28:10 - 0:00:06 - 10368 unknown words (860 unique), covering 0.35% of the data.
INFO - 06/13/24 21:28:10 - 0:00:06 - 보@@: 332
INFO - 06/13/24 21:28:10 - 0:00:06 - 하@@: 267
INFO - 06/13/24 21:28:10 - 0:00:06 - 안@@: 212
INFO - 06/13/24 21:28:10 - 0:00:06 - 를: 195
INFO - 06/13/24 21:28:10 - 0:00:06 - 메@@: 188
INFO - 06/13/24 21:28:10 - 0:00:06 - 정@@: 185
INFO - 06/13/24 21:28:10 - 0:00:06 - 서@@: 174
INFO - 06/13/24 21:28:10 - 0:00:06 - 자@@: 171
INFO - 06/13/24 21:28:10 - 0:00:06 - 피@@: 162
INFO - 06/13/24 21:28:10 - 0:00:06 - 스@@: 155
INFO - 06/13/24 21:28:10 - 0:00:06 - 의: 152
INFO - 06/13/24 21:28:10 - 0:00:06 - 질@@: 143
INFO - 06/13/24 21:28:10 - 0:00:06 - 수@@: 137
INFO - 06/13/24 21:28:10 - 0:00:06 - 지: 125
INFO - 06/13/24 21:28:10 - 0:00:06 - 알@@: 113
INFO - 06/13/24 21:28:10 - 0:00:06 - 자: 113
INFO - 06/13/24 21:28:10 - 0:00:06 - 기@@: 106
INFO - 06/13/24 21:28:10 - 0:00:06 - 부: 100
INFO - 06/13/24 21:28:10 - 0:00:06 - 로: 95
INFO - 06/13/24 21:28:10 - 0:00:06 - 문: 93
INFO - 06/13/24 21:28:10 - 0:00:06 - 문@@: 91
INFO - 06/13/24 21:28:10 - 0:00:06 - 팅@@: 90
INFO - 06/13/24 21:28:10 - 0:00:06 - 된: 86
INFO - 06/13/24 21:28:10 - 0:00:06 - 제@@: 80
INFO - 06/13/24 21:28:10 - 0:00:06 - 입@@: 80
INFO - 06/13/24 21:28:10 - 0:00:06 - 추@@: 78
INFO - 06/13/24 21:28:10 - 0:00:06 - 설@@: 75
INFO - 06/13/24 21:28:10 - 0:00:06 - 버@@: 74
INFO - 06/13/24 21:28:10 - 0:00:06 - 재@@: 74
INFO - 06/13/24 21:28:10 - 0:00:06 - 록: 72
INFO - 06/13/24 21:28:10 - 0:00:06 - Job completed successfully
INFO - 06/13/24 21:28:10 - 0:00:06 - Exiting after successful completion
