INFO - 06/13/24 21:28:04 - 0:00:00 - @@ already in vocab
INFO - 06/13/24 21:28:04 - 0:00:00 - @@ already in vocab
INFO - 06/13/24 21:28:04 - 0:00:00 - @@ already in vocab
INFO - 06/13/24 21:28:04 - 0:00:00 - @@ already in vocab
INFO - 06/13/24 21:28:04 - 0:00:00 - @@ already in vocab
INFO - 06/13/24 21:28:04 - 0:00:00 - @@ already in vocab
INFO - 06/13/24 21:28:04 - 0:00:00 - Read 2520 words from the vocabulary file.
WARNING - 06/13/24 21:28:04 - 0:00:00 - Skipped 11 empty lines!

INFO - 06/13/24 21:28:07 - 0:00:04 - 1471667 words (2520 unique) in 1666 sentences.
INFO - 06/13/24 21:28:07 - 0:00:04 - 2506 unknown words (383 unique), covering 0.17% of the data.
INFO - 06/13/24 21:28:07 - 0:00:04 - 吴@@: 189
INFO - 06/13/24 21:28:07 - 0:00:04 - 昊@@: 150
INFO - 06/13/24 21:28:07 - 0:00:04 - 盾@@: 97
INFO - 06/13/24 21:28:07 - 0:00:04 - 擎@@: 97
INFO - 06/13/24 21:28:07 - 0:00:04 - 司: 94
INFO - 06/13/24 21:28:07 - 0:00:04 - 技@@: 94
INFO - 06/13/24 21:28:07 - 0:00:04 - 科@@: 94
INFO - 06/13/24 21:28:07 - 0:00:04 - 京@@: 94
INFO - 06/13/24 21:28:07 - 0:00:04 - 南@@: 94
INFO - 06/13/24 21:28:07 - 0:00:04 - ═: 44
INFO - 06/13/24 21:28:07 - 0:00:04 - 昊: 39
INFO - 06/13/24 21:28:07 - 0:00:04 - Т@@: 32
INFO - 06/13/24 21:28:07 - 0:00:04 - 段@@: 32
INFO - 06/13/24 21:28:07 - 0:00:04 - 排@@: 32
INFO - 06/13/24 21:28:07 - 0:00:04 - 命@@: 25
INFO - 06/13/24 21:28:07 - 0:00:04 - 素@@: 24
INFO - 06/13/24 21:28:07 - 0:00:04 - 元@@: 24
INFO - 06/13/24 21:28:07 - 0:00:04 - ㅐ@@: 23
INFO - 06/13/24 21:28:07 - 0:00:04 - 器: 22
INFO - 06/13/24 21:28:07 - 0:00:04 - 项@@: 22
INFO - 06/13/24 21:28:07 - 0:00:04 - 签@@: 22
INFO - 06/13/24 21:28:07 - 0:00:04 - 序@@: 22
INFO - 06/13/24 21:28:07 - 0:00:04 - 调: 21
INFO - 06/13/24 21:28:07 - 0:00:04 - 线@@: 21
INFO - 06/13/24 21:28:07 - 0:00:04 - 问@@: 21
INFO - 06/13/24 21:28:07 - 0:00:04 - 访@@: 21
INFO - 06/13/24 21:28:07 - 0:00:04 - 目@@: 21
INFO - 06/13/24 21:28:07 - 0:00:04 - 、@@: 20
INFO - 06/13/24 21:28:07 - 0:00:04 - 接: 20
INFO - 06/13/24 21:28:07 - 0:00:04 - 口@@: 20
INFO - 06/13/24 21:28:07 - 0:00:04 - Job completed successfully
INFO - 06/13/24 21:28:07 - 0:00:04 - Exiting after successful completion
