INFO - 06/13/24 21:14:39 - 0:00:00 - Read 1191 words from the vocabulary file.

INFO - 06/13/24 21:14:44 - 0:00:05 - 2342208 words (1191 unique) in 2073 sentences.
INFO - 06/13/24 21:14:44 - 0:00:05 - 188 unknown words (69 unique), covering 0.01% of the data.
INFO - 06/13/24 21:14:44 - 0:00:05 - 体: 16
INFO - 06/13/24 21:14:44 - 0:00:05 - 实@@: 16
INFO - 06/13/24 21:14:44 - 0:00:05 - 有@@: 13
INFO - 06/13/24 21:14:44 - 0:00:05 - 字@@: 10
INFO - 06/13/24 21:14:44 - 0:00:05 - 主@@: 10
INFO - 06/13/24 21:14:44 - 0:00:05 - 没@@: 10
INFO - 06/13/24 21:14:44 - 0:00:05 - 段: 9
INFO - 06/13/24 21:14:44 - 0:00:05 - 键: 7
INFO - 06/13/24 21:14:44 - 0:00:05 - Reta@@: 6
INFO - 06/13/24 21:14:44 - 0:00:05 - 的@@: 4
INFO - 06/13/24 21:14:44 - 0:00:05 - 个@@: 4
INFO - 06/13/24 21:14:44 - 0:00:05 - 键@@: 3
INFO - 06/13/24 21:14:44 - 0:00:05 - 败: 3
INFO - 06/13/24 21:14:44 - 0:00:05 - 失@@: 3
INFO - 06/13/24 21:14:44 - 0:00:05 - ，: 3
INFO - 06/13/24 21:14:44 - 0:00:05 - 过@@: 3
INFO - 06/13/24 21:14:44 - 0:00:05 - 超@@: 3
INFO - 06/13/24 21:14:44 - 0:00:05 - 能@@: 2
INFO - 06/13/24 21:14:44 - 0:00:05 - 不@@: 2
INFO - 06/13/24 21:14:44 - 0:00:05 - missing@@: 2
INFO - 06/13/24 21:14:44 - 0:00:05 - fal@@: 2
INFO - 06/13/24 21:14:44 - 0:00:05 - 置@@: 2
INFO - 06/13/24 21:14:44 - 0:00:05 - 设@@: 2
INFO - 06/13/24 21:14:44 - 0:00:05 - 库@@: 2
INFO - 06/13/24 21:14:44 - 0:00:05 - 据@@: 2
INFO - 06/13/24 21:14:44 - 0:00:05 - 数@@: 2
INFO - 06/13/24 21:14:44 - 0:00:05 - 中@@: 2
INFO - 06/13/24 21:14:44 - 0:00:05 - 果: 2
INFO - 06/13/24 21:14:44 - 0:00:05 - 结@@: 2
INFO - 06/13/24 21:14:44 - 0:00:05 - 一@@: 2
INFO - 06/13/24 21:14:44 - 0:00:05 - Job completed successfully
INFO - 06/13/24 21:14:44 - 0:00:05 - Exiting after successful completion
